<?xml version="1.0" encoding="UTF-8"?>
<testng-results ignored="0" total="2" passed="2" failed="0" skipped="0">
  <reporter-output>
  </reporter-output>
  <suite started-at="2025-09-16T22:42:39 EDT" name="Default suite" finished-at="2025-09-16T22:43:10 EDT" duration-ms="30485">
    <groups>
      <group name="cucumber">
        <method signature="AbstractTestNGCucumberTests.runScenario(io.cucumber.testng.PickleWrapper,io.cucumber.testng.FeatureWrapper)[pri:0, instance:runner.TestRunner@63070bab]" name="runScenario" class="io.cucumber.testng.AbstractTestNGCucumberTests"/>
      </group> <!-- cucumber -->
    </groups>
    <test started-at="2025-09-16T22:42:39 EDT" name="Default test" finished-at="2025-09-16T22:43:10 EDT" duration-ms="30485">
      <class name="runner.TestRunner">
        <test-method is-config="true" signature="setUpClass(org.testng.ITestContext)[pri:0, instance:runner.TestRunner@63070bab]" started-at="2025-09-16T22:42:39 EDT" name="setUpClass" finished-at="2025-09-16T22:42:43 EDT" duration-ms="3740" status="PASS">
          <params>
            <param index="0">
              <value>
                <![CDATA[org.testng.TestRunner@5a96f3cb]]>
              </value>
            </param>
          </params>
          <reporter-output>
          </reporter-output>
        </test-method> <!-- setUpClass -->
        <test-method signature="runScenario(io.cucumber.testng.PickleWrapper,io.cucumber.testng.FeatureWrapper)[pri:0, instance:runner.TestRunner@63070bab]" started-at="2025-09-16T22:42:43 EDT" name="runScenario" description="Runs Cucumber Scenarios" data-provider="scenarios" finished-at="2025-09-16T22:42:56 EDT" duration-ms="12760" status="PASS">
          <params>
            <param index="0">
              <value>
                <![CDATA["Verify that user able to validate python code"]]>
              </value>
            </param>
            <param index="1">
              <value>
                <![CDATA["Data Structures Introduction Page validation"]]>
              </value>
            </param>
          </params>
          <reporter-output>
          </reporter-output>
        </test-method> <!-- runScenario -->
        <test-method signature="runScenario(io.cucumber.testng.PickleWrapper,io.cucumber.testng.FeatureWrapper)[pri:0, instance:runner.TestRunner@63070bab]" started-at="2025-09-16T22:42:56 EDT" name="runScenario" description="Runs Cucumber Scenarios" data-provider="scenarios" finished-at="2025-09-16T22:43:07 EDT" duration-ms="11264" status="PASS">
          <params>
            <param index="0">
              <value>
                <![CDATA["Verify that user able to validate python code"]]>
              </value>
            </param>
            <param index="1">
              <value>
                <![CDATA["Data Structures Introduction Page validation"]]>
              </value>
            </param>
          </params>
          <reporter-output>
          </reporter-output>
        </test-method> <!-- runScenario -->
        <test-method is-config="true" signature="tearDownClass()[pri:0, instance:runner.TestRunner@63070bab]" started-at="2025-09-16T22:43:07 EDT" name="tearDownClass" finished-at="2025-09-16T22:43:10 EDT" duration-ms="2586" status="PASS">
          <reporter-output>
          </reporter-output>
        </test-method> <!-- tearDownClass -->
      </class> <!-- runner.TestRunner -->
    </test> <!-- Default test -->
  </suite> <!-- Default suite -->
</testng-results>
