<?xml version="1.0" encoding="UTF-8"?>
<testng-results ignored="0" total="6" passed="6" failed="0" skipped="0">
  <reporter-output>
  </reporter-output>
  <suite started-at="2025-08-11T17:39:50 EDT" name="Default suite" finished-at="2025-08-11T17:40:24 EDT" duration-ms="33622">
    <groups>
      <group name="cucumber">
        <method signature="AbstractTestNGCucumberTests.runScenario(io.cucumber.testng.PickleWrapper,io.cucumber.testng.FeatureWrapper)[pri:0, instance:runner.TestRunner@57250572]" name="runScenario" class="io.cucumber.testng.AbstractTestNGCucumberTests"/>
      </group> <!-- cucumber -->
    </groups>
    <test started-at="2025-08-11T17:39:50 EDT" name="Default test" finished-at="2025-08-11T17:40:24 EDT" duration-ms="33622">
      <class name="runner.TestRunner">
        <test-method is-config="true" signature="setUpClass(org.testng.ITestContext)[pri:0, instance:runner.TestRunner@57250572]" started-at="2025-08-11T17:39:50 EDT" name="setUpClass" finished-at="2025-08-11T17:39:51 EDT" duration-ms="726" status="PASS">
          <params>
            <param index="0">
              <value>
                <![CDATA[org.testng.TestRunner@132e3594]]>
              </value>
            </param>
          </params>
          <reporter-output>
          </reporter-output>
        </test-method> <!-- setUpClass -->
        <test-method signature="runScenario(io.cucumber.testng.PickleWrapper,io.cucumber.testng.FeatureWrapper)[pri:0, instance:runner.TestRunner@57250572]" started-at="2025-08-11T17:39:51 EDT" name="runScenario" description="Runs Cucumber Scenarios" data-provider="scenarios" finished-at="2025-08-11T17:39:57 EDT" duration-ms="6677" status="PASS">
          <params>
            <param index="0">
              <value>
                <![CDATA["User navigates to Arrays pages from Stack page"]]>
              </value>
            </param>
            <param index="1">
              <value>
                <![CDATA["Stack Module"]]>
              </value>
            </param>
          </params>
          <reporter-output>
          </reporter-output>
        </test-method> <!-- runScenario -->
        <test-method signature="runScenario(io.cucumber.testng.PickleWrapper,io.cucumber.testng.FeatureWrapper)[pri:0, instance:runner.TestRunner@57250572]" started-at="2025-08-11T17:39:57 EDT" name="runScenario" description="Runs Cucumber Scenarios" data-provider="scenarios" finished-at="2025-08-11T17:40:03 EDT" duration-ms="5878" status="PASS">
          <params>
            <param index="0">
              <value>
                <![CDATA["User navigates to Linked List pages from Stack page"]]>
              </value>
            </param>
            <param index="1">
              <value>
                <![CDATA["Stack Module"]]>
              </value>
            </param>
          </params>
          <reporter-output>
          </reporter-output>
        </test-method> <!-- runScenario -->
        <test-method signature="runScenario(io.cucumber.testng.PickleWrapper,io.cucumber.testng.FeatureWrapper)[pri:0, instance:runner.TestRunner@57250572]" started-at="2025-08-11T17:40:03 EDT" name="runScenario" description="Runs Cucumber Scenarios" data-provider="scenarios" finished-at="2025-08-11T17:40:08 EDT" duration-ms="4977" status="PASS">
          <params>
            <param index="0">
              <value>
                <![CDATA["User navigates to Queue pages from Stack page"]]>
              </value>
            </param>
            <param index="1">
              <value>
                <![CDATA["Stack Module"]]>
              </value>
            </param>
          </params>
          <reporter-output>
          </reporter-output>
        </test-method> <!-- runScenario -->
        <test-method signature="runScenario(io.cucumber.testng.PickleWrapper,io.cucumber.testng.FeatureWrapper)[pri:0, instance:runner.TestRunner@57250572]" started-at="2025-08-11T17:40:08 EDT" name="runScenario" description="Runs Cucumber Scenarios" data-provider="scenarios" finished-at="2025-08-11T17:40:14 EDT" duration-ms="5339" status="PASS">
          <params>
            <param index="0">
              <value>
                <![CDATA["User navigates to Stack pages from Stack page"]]>
              </value>
            </param>
            <param index="1">
              <value>
                <![CDATA["Stack Module"]]>
              </value>
            </param>
          </params>
          <reporter-output>
          </reporter-output>
        </test-method> <!-- runScenario -->
        <test-method signature="runScenario(io.cucumber.testng.PickleWrapper,io.cucumber.testng.FeatureWrapper)[pri:0, instance:runner.TestRunner@57250572]" started-at="2025-08-11T17:40:14 EDT" name="runScenario" description="Runs Cucumber Scenarios" data-provider="scenarios" finished-at="2025-08-11T17:40:19 EDT" duration-ms="4898" status="PASS">
          <params>
            <param index="0">
              <value>
                <![CDATA["User navigates to Tree pages from Stack page"]]>
              </value>
            </param>
            <param index="1">
              <value>
                <![CDATA["Stack Module"]]>
              </value>
            </param>
          </params>
          <reporter-output>
          </reporter-output>
        </test-method> <!-- runScenario -->
        <test-method signature="runScenario(io.cucumber.testng.PickleWrapper,io.cucumber.testng.FeatureWrapper)[pri:0, instance:runner.TestRunner@57250572]" started-at="2025-08-11T17:40:19 EDT" name="runScenario" description="Runs Cucumber Scenarios" data-provider="scenarios" finished-at="2025-08-11T17:40:24 EDT" duration-ms="5013" status="PASS">
          <params>
            <param index="0">
              <value>
                <![CDATA["User navigates to Graph pages from Stack page"]]>
              </value>
            </param>
            <param index="1">
              <value>
                <![CDATA["Stack Module"]]>
              </value>
            </param>
          </params>
          <reporter-output>
          </reporter-output>
        </test-method> <!-- runScenario -->
        <test-method is-config="true" signature="tearDownClass()[pri:0, instance:runner.TestRunner@57250572]" started-at="2025-08-11T17:40:24 EDT" name="tearDownClass" finished-at="2025-08-11T17:40:24 EDT" duration-ms="31" status="PASS">
          <reporter-output>
          </reporter-output>
        </test-method> <!-- tearDownClass -->
      </class> <!-- runner.TestRunner -->
    </test> <!-- Default test -->
  </suite> <!-- Default suite -->
</testng-results>
