<?xml version="1.0" encoding="UTF-8"?>
<testng-results ignored="0" total="6" passed="6" failed="0" skipped="0">
  <reporter-output>
  </reporter-output>
  <suite started-at="2025-08-25T14:47:55 EDT" name="Default suite" finished-at="2025-08-25T14:48:20 EDT" duration-ms="24433">
    <groups>
      <group name="cucumber">
        <method signature="AbstractTestNGCucumberTests.runScenario(io.cucumber.testng.PickleWrapper,io.cucumber.testng.FeatureWrapper)[pri:0, instance:runner.TestRunner@57250572]" name="runScenario" class="io.cucumber.testng.AbstractTestNGCucumberTests"/>
      </group> <!-- cucumber -->
    </groups>
    <test started-at="2025-08-25T14:47:55 EDT" name="Default test" finished-at="2025-08-25T14:48:20 EDT" duration-ms="24433">
      <class name="runner.TestRunner">
        <test-method is-config="true" signature="setUpClass(org.testng.ITestContext)[pri:0, instance:runner.TestRunner@57250572]" started-at="2025-08-25T14:47:55 EDT" name="setUpClass" finished-at="2025-08-25T14:47:56 EDT" duration-ms="579" status="PASS">
          <params>
            <param index="0">
              <value>
                <![CDATA[org.testng.TestRunner@32e697ac]]>
              </value>
            </param>
          </params>
          <reporter-output>
          </reporter-output>
        </test-method> <!-- setUpClass -->
        <test-method signature="runScenario(io.cucumber.testng.PickleWrapper,io.cucumber.testng.FeatureWrapper)[pri:0, instance:runner.TestRunner@57250572]" started-at="2025-08-25T14:47:56 EDT" name="runScenario" description="Runs Cucumber Scenarios" data-provider="scenarios" finished-at="2025-08-25T14:48:01 EDT" duration-ms="4931" status="PASS">
          <params>
            <param index="0">
              <value>
                <![CDATA["User navigates to other DataStructure topic pages from Stack page"]]>
              </value>
            </param>
            <param index="1">
              <value>
                <![CDATA["Stack Module"]]>
              </value>
            </param>
          </params>
          <reporter-output>
          </reporter-output>
        </test-method> <!-- runScenario -->
        <test-method signature="runScenario(io.cucumber.testng.PickleWrapper,io.cucumber.testng.FeatureWrapper)[pri:0, instance:runner.TestRunner@57250572]" started-at="2025-08-25T14:48:01 EDT" name="runScenario" description="Runs Cucumber Scenarios" data-provider="scenarios" finished-at="2025-08-25T14:48:05 EDT" duration-ms="3799" status="PASS">
          <params>
            <param index="0">
              <value>
                <![CDATA["User navigates to other DataStructure topic pages from Stack page"]]>
              </value>
            </param>
            <param index="1">
              <value>
                <![CDATA["Stack Module"]]>
              </value>
            </param>
          </params>
          <reporter-output>
          </reporter-output>
        </test-method> <!-- runScenario -->
        <test-method signature="runScenario(io.cucumber.testng.PickleWrapper,io.cucumber.testng.FeatureWrapper)[pri:0, instance:runner.TestRunner@57250572]" started-at="2025-08-25T14:48:05 EDT" name="runScenario" description="Runs Cucumber Scenarios" data-provider="scenarios" finished-at="2025-08-25T14:48:08 EDT" duration-ms="3825" status="PASS">
          <params>
            <param index="0">
              <value>
                <![CDATA["User navigates to other DataStructure topic pages from Stack page"]]>
              </value>
            </param>
            <param index="1">
              <value>
                <![CDATA["Stack Module"]]>
              </value>
            </param>
          </params>
          <reporter-output>
          </reporter-output>
        </test-method> <!-- runScenario -->
        <test-method signature="runScenario(io.cucumber.testng.PickleWrapper,io.cucumber.testng.FeatureWrapper)[pri:0, instance:runner.TestRunner@57250572]" started-at="2025-08-25T14:48:08 EDT" name="runScenario" description="Runs Cucumber Scenarios" data-provider="scenarios" finished-at="2025-08-25T14:48:12 EDT" duration-ms="3648" status="PASS">
          <params>
            <param index="0">
              <value>
                <![CDATA["User navigates to other DataStructure topic pages from Stack page"]]>
              </value>
            </param>
            <param index="1">
              <value>
                <![CDATA["Stack Module"]]>
              </value>
            </param>
          </params>
          <reporter-output>
          </reporter-output>
        </test-method> <!-- runScenario -->
        <test-method signature="runScenario(io.cucumber.testng.PickleWrapper,io.cucumber.testng.FeatureWrapper)[pri:0, instance:runner.TestRunner@57250572]" started-at="2025-08-25T14:48:12 EDT" name="runScenario" description="Runs Cucumber Scenarios" data-provider="scenarios" finished-at="2025-08-25T14:48:16 EDT" duration-ms="3824" status="PASS">
          <params>
            <param index="0">
              <value>
                <![CDATA["User navigates to other DataStructure topic pages from Stack page"]]>
              </value>
            </param>
            <param index="1">
              <value>
                <![CDATA["Stack Module"]]>
              </value>
            </param>
          </params>
          <reporter-output>
          </reporter-output>
        </test-method> <!-- runScenario -->
        <test-method signature="runScenario(io.cucumber.testng.PickleWrapper,io.cucumber.testng.FeatureWrapper)[pri:0, instance:runner.TestRunner@57250572]" started-at="2025-08-25T14:48:16 EDT" name="runScenario" description="Runs Cucumber Scenarios" data-provider="scenarios" finished-at="2025-08-25T14:48:20 EDT" duration-ms="3757" status="PASS">
          <params>
            <param index="0">
              <value>
                <![CDATA["User navigates to other DataStructure topic pages from Stack page"]]>
              </value>
            </param>
            <param index="1">
              <value>
                <![CDATA["Stack Module"]]>
              </value>
            </param>
          </params>
          <reporter-output>
          </reporter-output>
        </test-method> <!-- runScenario -->
        <test-method is-config="true" signature="tearDownClass()[pri:0, instance:runner.TestRunner@57250572]" started-at="2025-08-25T14:48:20 EDT" name="tearDownClass" finished-at="2025-08-25T14:48:20 EDT" duration-ms="11" status="PASS">
          <reporter-output>
          </reporter-output>
        </test-method> <!-- tearDownClass -->
      </class> <!-- runner.TestRunner -->
    </test> <!-- Default test -->
  </suite> <!-- Default suite -->
</testng-results>
